2025-05-05 11:34:38,392 UTC [INFO] ========== Starting Grant Ingestion Script ==========
2025-05-05 11:34:38,393 UTC [INFO] Starting data loading and preprocessing from grants.csv
2025-05-05 11:34:39,016 UTC [INFO] Successfully read CSV file with 38151 rows
2025-05-05 11:34:39,067 UTC [INFO] All required columns found. Preprocessing data...
2025-05-05 11:34:43,337 UTC [WARNING] Row 38152: Missing Grant ID, skipping row.
2025-05-05 11:34:43,337 UTC [INFO] Successfully preprocessed 38150 records
2025-05-05 11:34:43,346 UTC [INFO] Starting data ingestion process
2025-05-05 11:34:43,346 UTC [INFO] Attempting to connect to Weaviate at https://gyytjsarjy1zjv5iyhfq.c0.us-west3.gcp.weaviate.cloud
2025-05-05 11:34:44,475 UTC [INFO] HTTP Request: GET https://gyytjsarjy1zjv5iyhfq.c0.us-west3.gcp.weaviate.cloud/v1/meta "HTTP/1.1 200 OK"
2025-05-05 11:34:46,508 UTC [INFO] HTTP Request: GET https://pypi.org/pypi/weaviate-client/json "HTTP/1.1 200 OK"
2025-05-05 11:34:47,797 UTC [INFO] HTTP Request: GET https://gyytjsarjy1zjv5iyhfq.c0.us-west3.gcp.weaviate.cloud/v1/.well-known/ready "HTTP/1.1 200 OK"
2025-05-05 11:34:47,798 UTC [INFO] Weaviate client connected successfully
2025-05-05 11:34:48,057 UTC [INFO] HTTP Request: GET https://gyytjsarjy1zjv5iyhfq.c0.us-west3.gcp.weaviate.cloud/v1/schema/Grant "HTTP/1.1 200 OK"
2025-05-05 11:34:48,064 UTC [INFO] Using existing collection 'Grant'
2025-05-05 11:34:48,329 UTC [INFO] Initial collection size: 38151 objects
2025-05-05 11:34:48,332 UTC [INFO] Starting dynamic batch ingestion for 38150 processed records
2025-05-05 11:34:48,598 UTC [INFO] HTTP Request: GET https://gyytjsarjy1zjv5iyhfq.c0.us-west3.gcp.weaviate.cloud/v1/schema/Grant "HTTP/1.1 200 OK"
2025-05-05 11:34:48,853 UTC [INFO] HTTP Request: GET https://gyytjsarjy1zjv5iyhfq.c0.us-west3.gcp.weaviate.cloud/v1/nodes "HTTP/1.1 200 OK"
2025-05-05 11:34:50,127 UTC [INFO] HTTP Request: GET https://gyytjsarjy1zjv5iyhfq.c0.us-west3.gcp.weaviate.cloud/v1/nodes "HTTP/1.1 200 OK"
2025-05-05 11:34:51,398 UTC [INFO] HTTP Request: GET https://gyytjsarjy1zjv5iyhfq.c0.us-west3.gcp.weaviate.cloud/v1/nodes "HTTP/1.1 200 OK"
2025-05-05 11:34:52,654 UTC [INFO] HTTP Request: GET https://gyytjsarjy1zjv5iyhfq.c0.us-west3.gcp.weaviate.cloud/v1/nodes "HTTP/1.1 200 OK"
2025-05-05 11:34:53,901 UTC [INFO] HTTP Request: GET https://gyytjsarjy1zjv5iyhfq.c0.us-west3.gcp.weaviate.cloud/v1/nodes "HTTP/1.1 200 OK"
2025-05-05 11:34:55,149 UTC [INFO] HTTP Request: GET https://gyytjsarjy1zjv5iyhfq.c0.us-west3.gcp.weaviate.cloud/v1/nodes "HTTP/1.1 200 OK"
2025-05-05 11:35:01,286 UTC [INFO] HTTP Request: GET https://gyytjsarjy1zjv5iyhfq.c0.us-west3.gcp.weaviate.cloud/v1/nodes "HTTP/1.1 200 OK"
2025-05-05 11:35:02,538 UTC [INFO] HTTP Request: GET https://gyytjsarjy1zjv5iyhfq.c0.us-west3.gcp.weaviate.cloud/v1/nodes "HTTP/1.1 200 OK"
2025-05-05 11:35:03,790 UTC [INFO] HTTP Request: GET https://gyytjsarjy1zjv5iyhfq.c0.us-west3.gcp.weaviate.cloud/v1/nodes "HTTP/1.1 200 OK"
2025-05-05 11:35:05,067 UTC [INFO] HTTP Request: GET https://gyytjsarjy1zjv5iyhfq.c0.us-west3.gcp.weaviate.cloud/v1/nodes "HTTP/1.1 200 OK"
2025-05-05 11:35:06,361 UTC [INFO] HTTP Request: GET https://gyytjsarjy1zjv5iyhfq.c0.us-west3.gcp.weaviate.cloud/v1/nodes "HTTP/1.1 200 OK"
2025-05-05 11:35:06,627 UTC [INFO] Added 2000 objects to batch queue...
2025-05-05 11:35:07,620 UTC [INFO] HTTP Request: GET https://gyytjsarjy1zjv5iyhfq.c0.us-west3.gcp.weaviate.cloud/v1/nodes "HTTP/1.1 200 OK"
2025-05-05 11:35:08,963 UTC [INFO] HTTP Request: GET https://gyytjsarjy1zjv5iyhfq.c0.us-west3.gcp.weaviate.cloud/v1/nodes "HTTP/1.1 200 OK"
2025-05-05 11:35:10,222 UTC [INFO] HTTP Request: GET https://gyytjsarjy1zjv5iyhfq.c0.us-west3.gcp.weaviate.cloud/v1/nodes "HTTP/1.1 200 OK"
2025-05-05 11:35:11,475 UTC [INFO] HTTP Request: GET https://gyytjsarjy1zjv5iyhfq.c0.us-west3.gcp.weaviate.cloud/v1/nodes "HTTP/1.1 200 OK"
2025-05-05 11:35:12,861 UTC [INFO] HTTP Request: GET https://gyytjsarjy1zjv5iyhfq.c0.us-west3.gcp.weaviate.cloud/v1/nodes "HTTP/1.1 200 OK"
2025-05-05 11:35:13,213 UTC [INFO] Added 4000 objects to batch queue...
2025-05-05 11:35:14,115 UTC [INFO] HTTP Request: GET https://gyytjsarjy1zjv5iyhfq.c0.us-west3.gcp.weaviate.cloud/v1/nodes "HTTP/1.1 200 OK"
2025-05-05 11:35:15,473 UTC [INFO] HTTP Request: GET https://gyytjsarjy1zjv5iyhfq.c0.us-west3.gcp.weaviate.cloud/v1/nodes "HTTP/1.1 200 OK"
2025-05-05 11:35:16,761 UTC [INFO] HTTP Request: GET https://gyytjsarjy1zjv5iyhfq.c0.us-west3.gcp.weaviate.cloud/v1/nodes "HTTP/1.1 200 OK"
2025-05-05 11:35:18,062 UTC [INFO] HTTP Request: GET https://gyytjsarjy1zjv5iyhfq.c0.us-west3.gcp.weaviate.cloud/v1/nodes "HTTP/1.1 200 OK"
2025-05-05 11:35:18,519 UTC [INFO] Added 6000 objects to batch queue...
2025-05-05 11:35:19,320 UTC [INFO] HTTP Request: GET https://gyytjsarjy1zjv5iyhfq.c0.us-west3.gcp.weaviate.cloud/v1/nodes "HTTP/1.1 200 OK"
2025-05-05 11:35:20,618 UTC [INFO] HTTP Request: GET https://gyytjsarjy1zjv5iyhfq.c0.us-west3.gcp.weaviate.cloud/v1/nodes "HTTP/1.1 200 OK"
2025-05-05 11:35:22,092 UTC [INFO] HTTP Request: GET https://gyytjsarjy1zjv5iyhfq.c0.us-west3.gcp.weaviate.cloud/v1/nodes "HTTP/1.1 200 OK"
2025-05-05 11:35:23,489 UTC [INFO] HTTP Request: GET https://gyytjsarjy1zjv5iyhfq.c0.us-west3.gcp.weaviate.cloud/v1/nodes "HTTP/1.1 200 OK"
2025-05-05 11:35:24,384 UTC [INFO] Added 8000 objects to batch queue...
2025-05-05 11:35:24,779 UTC [INFO] HTTP Request: GET https://gyytjsarjy1zjv5iyhfq.c0.us-west3.gcp.weaviate.cloud/v1/nodes "HTTP/1.1 200 OK"
2025-05-05 11:35:26,042 UTC [INFO] HTTP Request: GET https://gyytjsarjy1zjv5iyhfq.c0.us-west3.gcp.weaviate.cloud/v1/nodes "HTTP/1.1 200 OK"
2025-05-05 11:35:27,298 UTC [INFO] HTTP Request: GET https://gyytjsarjy1zjv5iyhfq.c0.us-west3.gcp.weaviate.cloud/v1/nodes "HTTP/1.1 200 OK"
2025-05-05 11:35:28,660 UTC [INFO] HTTP Request: GET https://gyytjsarjy1zjv5iyhfq.c0.us-west3.gcp.weaviate.cloud/v1/nodes "HTTP/1.1 200 OK"
2025-05-05 11:35:29,459 UTC [INFO] Added 10000 objects to batch queue...
2025-05-05 11:35:29,909 UTC [INFO] HTTP Request: GET https://gyytjsarjy1zjv5iyhfq.c0.us-west3.gcp.weaviate.cloud/v1/nodes "HTTP/1.1 200 OK"
2025-05-05 11:35:31,161 UTC [INFO] HTTP Request: GET https://gyytjsarjy1zjv5iyhfq.c0.us-west3.gcp.weaviate.cloud/v1/nodes "HTTP/1.1 200 OK"
2025-05-05 11:35:32,498 UTC [INFO] HTTP Request: GET https://gyytjsarjy1zjv5iyhfq.c0.us-west3.gcp.weaviate.cloud/v1/nodes "HTTP/1.1 200 OK"
2025-05-05 11:35:33,769 UTC [INFO] HTTP Request: GET https://gyytjsarjy1zjv5iyhfq.c0.us-west3.gcp.weaviate.cloud/v1/nodes "HTTP/1.1 200 OK"
2025-05-05 11:35:35,361 UTC [INFO] HTTP Request: GET https://gyytjsarjy1zjv5iyhfq.c0.us-west3.gcp.weaviate.cloud/v1/nodes "HTTP/1.1 200 OK"
2025-05-05 11:35:36,696 UTC [INFO] HTTP Request: GET https://gyytjsarjy1zjv5iyhfq.c0.us-west3.gcp.weaviate.cloud/v1/nodes "HTTP/1.1 200 OK"
2025-05-05 11:35:38,063 UTC [INFO] HTTP Request: GET https://gyytjsarjy1zjv5iyhfq.c0.us-west3.gcp.weaviate.cloud/v1/nodes "HTTP/1.1 200 OK"
2025-05-05 11:35:38,719 UTC [INFO] Added 12000 objects to batch queue...
2025-05-05 11:35:39,363 UTC [INFO] HTTP Request: GET https://gyytjsarjy1zjv5iyhfq.c0.us-west3.gcp.weaviate.cloud/v1/nodes "HTTP/1.1 200 OK"
2025-05-05 11:35:40,638 UTC [INFO] HTTP Request: GET https://gyytjsarjy1zjv5iyhfq.c0.us-west3.gcp.weaviate.cloud/v1/nodes "HTTP/1.1 200 OK"
2025-05-05 11:35:41,887 UTC [INFO] HTTP Request: GET https://gyytjsarjy1zjv5iyhfq.c0.us-west3.gcp.weaviate.cloud/v1/nodes "HTTP/1.1 200 OK"
2025-05-05 11:35:43,133 UTC [INFO] HTTP Request: GET https://gyytjsarjy1zjv5iyhfq.c0.us-west3.gcp.weaviate.cloud/v1/nodes "HTTP/1.1 200 OK"
2025-05-05 11:35:44,480 UTC [INFO] HTTP Request: GET https://gyytjsarjy1zjv5iyhfq.c0.us-west3.gcp.weaviate.cloud/v1/nodes "HTTP/1.1 200 OK"
2025-05-05 11:35:44,695 UTC [INFO] Added 14000 objects to batch queue...
2025-05-05 11:35:45,788 UTC [INFO] HTTP Request: GET https://gyytjsarjy1zjv5iyhfq.c0.us-west3.gcp.weaviate.cloud/v1/nodes "HTTP/1.1 200 OK"
2025-05-05 11:35:47,054 UTC [INFO] HTTP Request: GET https://gyytjsarjy1zjv5iyhfq.c0.us-west3.gcp.weaviate.cloud/v1/nodes "HTTP/1.1 200 OK"
2025-05-05 11:35:48,363 UTC [INFO] HTTP Request: GET https://gyytjsarjy1zjv5iyhfq.c0.us-west3.gcp.weaviate.cloud/v1/nodes "HTTP/1.1 200 OK"
2025-05-05 11:35:49,269 UTC [INFO] Added 16000 objects to batch queue...
2025-05-05 11:35:49,614 UTC [INFO] HTTP Request: GET https://gyytjsarjy1zjv5iyhfq.c0.us-west3.gcp.weaviate.cloud/v1/nodes "HTTP/1.1 200 OK"
2025-05-05 11:35:50,877 UTC [INFO] HTTP Request: GET https://gyytjsarjy1zjv5iyhfq.c0.us-west3.gcp.weaviate.cloud/v1/nodes "HTTP/1.1 200 OK"
2025-05-05 11:35:52,226 UTC [INFO] HTTP Request: GET https://gyytjsarjy1zjv5iyhfq.c0.us-west3.gcp.weaviate.cloud/v1/nodes "HTTP/1.1 200 OK"
2025-05-05 11:35:53,491 UTC [INFO] HTTP Request: GET https://gyytjsarjy1zjv5iyhfq.c0.us-west3.gcp.weaviate.cloud/v1/nodes "HTTP/1.1 200 OK"
2025-05-05 11:35:54,822 UTC [INFO] HTTP Request: GET https://gyytjsarjy1zjv5iyhfq.c0.us-west3.gcp.weaviate.cloud/v1/nodes "HTTP/1.1 200 OK"
2025-05-05 11:35:56,162 UTC [INFO] HTTP Request: GET https://gyytjsarjy1zjv5iyhfq.c0.us-west3.gcp.weaviate.cloud/v1/nodes "HTTP/1.1 200 OK"
2025-05-05 11:35:56,309 UTC [INFO] Added 18000 objects to batch queue...
2025-05-05 11:35:57,413 UTC [INFO] HTTP Request: GET https://gyytjsarjy1zjv5iyhfq.c0.us-west3.gcp.weaviate.cloud/v1/nodes "HTTP/1.1 200 OK"
2025-05-05 11:35:58,663 UTC [INFO] HTTP Request: GET https://gyytjsarjy1zjv5iyhfq.c0.us-west3.gcp.weaviate.cloud/v1/nodes "HTTP/1.1 200 OK"
2025-05-05 11:35:59,942 UTC [INFO] HTTP Request: GET https://gyytjsarjy1zjv5iyhfq.c0.us-west3.gcp.weaviate.cloud/v1/nodes "HTTP/1.1 200 OK"
2025-05-05 11:36:06,062 UTC [INFO] HTTP Request: GET https://gyytjsarjy1zjv5iyhfq.c0.us-west3.gcp.weaviate.cloud/v1/nodes "HTTP/1.1 200 OK"
2025-05-05 11:36:07,310 UTC [INFO] HTTP Request: GET https://gyytjsarjy1zjv5iyhfq.c0.us-west3.gcp.weaviate.cloud/v1/nodes "HTTP/1.1 200 OK"
2025-05-05 11:36:08,609 UTC [INFO] HTTP Request: GET https://gyytjsarjy1zjv5iyhfq.c0.us-west3.gcp.weaviate.cloud/v1/nodes "HTTP/1.1 200 OK"
2025-05-05 11:36:09,149 UTC [INFO] Added 20000 objects to batch queue...
2025-05-05 11:36:09,876 UTC [INFO] HTTP Request: GET https://gyytjsarjy1zjv5iyhfq.c0.us-west3.gcp.weaviate.cloud/v1/nodes "HTTP/1.1 200 OK"
2025-05-05 11:36:11,143 UTC [INFO] HTTP Request: GET https://gyytjsarjy1zjv5iyhfq.c0.us-west3.gcp.weaviate.cloud/v1/nodes "HTTP/1.1 200 OK"
2025-05-05 11:36:12,434 UTC [INFO] HTTP Request: GET https://gyytjsarjy1zjv5iyhfq.c0.us-west3.gcp.weaviate.cloud/v1/nodes "HTTP/1.1 200 OK"
2025-05-05 11:36:13,765 UTC [INFO] HTTP Request: GET https://gyytjsarjy1zjv5iyhfq.c0.us-west3.gcp.weaviate.cloud/v1/nodes "HTTP/1.1 200 OK"
2025-05-05 11:36:15,061 UTC [INFO] HTTP Request: GET https://gyytjsarjy1zjv5iyhfq.c0.us-west3.gcp.weaviate.cloud/v1/nodes "HTTP/1.1 200 OK"
2025-05-05 11:36:16,530 UTC [INFO] HTTP Request: GET https://gyytjsarjy1zjv5iyhfq.c0.us-west3.gcp.weaviate.cloud/v1/nodes "HTTP/1.1 200 OK"
2025-05-05 11:36:17,963 UTC [INFO] HTTP Request: GET https://gyytjsarjy1zjv5iyhfq.c0.us-west3.gcp.weaviate.cloud/v1/nodes "HTTP/1.1 200 OK"
2025-05-05 11:36:19,295 UTC [INFO] HTTP Request: GET https://gyytjsarjy1zjv5iyhfq.c0.us-west3.gcp.weaviate.cloud/v1/nodes "HTTP/1.1 200 OK"
2025-05-05 11:36:20,164 UTC [INFO] Added 22000 objects to batch queue...
2025-05-05 11:36:20,547 UTC [INFO] HTTP Request: GET https://gyytjsarjy1zjv5iyhfq.c0.us-west3.gcp.weaviate.cloud/v1/nodes "HTTP/1.1 200 OK"
2025-05-05 11:36:21,798 UTC [INFO] HTTP Request: GET https://gyytjsarjy1zjv5iyhfq.c0.us-west3.gcp.weaviate.cloud/v1/nodes "HTTP/1.1 200 OK"
2025-05-05 11:36:23,049 UTC [INFO] HTTP Request: GET https://gyytjsarjy1zjv5iyhfq.c0.us-west3.gcp.weaviate.cloud/v1/nodes "HTTP/1.1 200 OK"
2025-05-05 11:36:24,306 UTC [INFO] HTTP Request: GET https://gyytjsarjy1zjv5iyhfq.c0.us-west3.gcp.weaviate.cloud/v1/nodes "HTTP/1.1 200 OK"
2025-05-05 11:36:25,564 UTC [INFO] HTTP Request: GET https://gyytjsarjy1zjv5iyhfq.c0.us-west3.gcp.weaviate.cloud/v1/nodes "HTTP/1.1 200 OK"
2025-05-05 11:36:26,865 UTC [INFO] HTTP Request: GET https://gyytjsarjy1zjv5iyhfq.c0.us-west3.gcp.weaviate.cloud/v1/nodes "HTTP/1.1 200 OK"
2025-05-05 11:36:28,130 UTC [INFO] HTTP Request: GET https://gyytjsarjy1zjv5iyhfq.c0.us-west3.gcp.weaviate.cloud/v1/nodes "HTTP/1.1 200 OK"
2025-05-05 11:36:29,378 UTC [INFO] HTTP Request: GET https://gyytjsarjy1zjv5iyhfq.c0.us-west3.gcp.weaviate.cloud/v1/nodes "HTTP/1.1 200 OK"
2025-05-05 11:36:30,627 UTC [INFO] HTTP Request: GET https://gyytjsarjy1zjv5iyhfq.c0.us-west3.gcp.weaviate.cloud/v1/nodes "HTTP/1.1 200 OK"
2025-05-05 11:36:31,892 UTC [INFO] HTTP Request: GET https://gyytjsarjy1zjv5iyhfq.c0.us-west3.gcp.weaviate.cloud/v1/nodes "HTTP/1.1 200 OK"
2025-05-05 11:36:33,236 UTC [INFO] HTTP Request: GET https://gyytjsarjy1zjv5iyhfq.c0.us-west3.gcp.weaviate.cloud/v1/nodes "HTTP/1.1 200 OK"
2025-05-05 11:36:34,494 UTC [INFO] HTTP Request: GET https://gyytjsarjy1zjv5iyhfq.c0.us-west3.gcp.weaviate.cloud/v1/nodes "HTTP/1.1 200 OK"
2025-05-05 11:36:35,255 UTC [INFO] Added 24000 objects to batch queue...
2025-05-05 11:36:35,748 UTC [INFO] HTTP Request: GET https://gyytjsarjy1zjv5iyhfq.c0.us-west3.gcp.weaviate.cloud/v1/nodes "HTTP/1.1 200 OK"
2025-05-05 11:36:36,999 UTC [INFO] HTTP Request: GET https://gyytjsarjy1zjv5iyhfq.c0.us-west3.gcp.weaviate.cloud/v1/nodes "HTTP/1.1 200 OK"
2025-05-05 11:36:38,252 UTC [INFO] HTTP Request: GET https://gyytjsarjy1zjv5iyhfq.c0.us-west3.gcp.weaviate.cloud/v1/nodes "HTTP/1.1 200 OK"
2025-05-05 11:36:39,500 UTC [INFO] HTTP Request: GET https://gyytjsarjy1zjv5iyhfq.c0.us-west3.gcp.weaviate.cloud/v1/nodes "HTTP/1.1 200 OK"
2025-05-05 11:36:40,765 UTC [INFO] HTTP Request: GET https://gyytjsarjy1zjv5iyhfq.c0.us-west3.gcp.weaviate.cloud/v1/nodes "HTTP/1.1 200 OK"
2025-05-05 11:36:42,059 UTC [INFO] HTTP Request: GET https://gyytjsarjy1zjv5iyhfq.c0.us-west3.gcp.weaviate.cloud/v1/nodes "HTTP/1.1 200 OK"
2025-05-05 11:36:43,311 UTC [INFO] HTTP Request: GET https://gyytjsarjy1zjv5iyhfq.c0.us-west3.gcp.weaviate.cloud/v1/nodes "HTTP/1.1 200 OK"
2025-05-05 11:36:44,566 UTC [INFO] HTTP Request: GET https://gyytjsarjy1zjv5iyhfq.c0.us-west3.gcp.weaviate.cloud/v1/nodes "HTTP/1.1 200 OK"
2025-05-05 11:36:45,815 UTC [INFO] HTTP Request: GET https://gyytjsarjy1zjv5iyhfq.c0.us-west3.gcp.weaviate.cloud/v1/nodes "HTTP/1.1 200 OK"
2025-05-05 11:36:47,090 UTC [INFO] HTTP Request: GET https://gyytjsarjy1zjv5iyhfq.c0.us-west3.gcp.weaviate.cloud/v1/nodes "HTTP/1.1 200 OK"
2025-05-05 11:36:48,344 UTC [INFO] HTTP Request: GET https://gyytjsarjy1zjv5iyhfq.c0.us-west3.gcp.weaviate.cloud/v1/nodes "HTTP/1.1 200 OK"
2025-05-05 11:36:49,661 UTC [INFO] HTTP Request: GET https://gyytjsarjy1zjv5iyhfq.c0.us-west3.gcp.weaviate.cloud/v1/nodes "HTTP/1.1 200 OK"
2025-05-05 11:36:50,979 UTC [INFO] HTTP Request: GET https://gyytjsarjy1zjv5iyhfq.c0.us-west3.gcp.weaviate.cloud/v1/nodes "HTTP/1.1 200 OK"
2025-05-05 11:36:52,266 UTC [INFO] HTTP Request: GET https://gyytjsarjy1zjv5iyhfq.c0.us-west3.gcp.weaviate.cloud/v1/nodes "HTTP/1.1 200 OK"
2025-05-05 11:36:53,515 UTC [INFO] HTTP Request: GET https://gyytjsarjy1zjv5iyhfq.c0.us-west3.gcp.weaviate.cloud/v1/nodes "HTTP/1.1 200 OK"
2025-05-05 11:36:54,831 UTC [INFO] HTTP Request: GET https://gyytjsarjy1zjv5iyhfq.c0.us-west3.gcp.weaviate.cloud/v1/nodes "HTTP/1.1 200 OK"
2025-05-05 11:36:56,164 UTC [INFO] HTTP Request: GET https://gyytjsarjy1zjv5iyhfq.c0.us-west3.gcp.weaviate.cloud/v1/nodes "HTTP/1.1 200 OK"
2025-05-05 11:36:57,492 UTC [INFO] HTTP Request: GET https://gyytjsarjy1zjv5iyhfq.c0.us-west3.gcp.weaviate.cloud/v1/nodes "HTTP/1.1 200 OK"
2025-05-05 11:36:58,765 UTC [INFO] HTTP Request: GET https://gyytjsarjy1zjv5iyhfq.c0.us-west3.gcp.weaviate.cloud/v1/nodes "HTTP/1.1 200 OK"
2025-05-05 11:37:00,064 UTC [INFO] HTTP Request: GET https://gyytjsarjy1zjv5iyhfq.c0.us-west3.gcp.weaviate.cloud/v1/nodes "HTTP/1.1 200 OK"
2025-05-05 11:37:00,163 UTC [INFO] Added 26000 objects to batch queue...
2025-05-05 11:37:01,386 UTC [INFO] HTTP Request: GET https://gyytjsarjy1zjv5iyhfq.c0.us-west3.gcp.weaviate.cloud/v1/nodes "HTTP/1.1 200 OK"
2025-05-05 11:37:02,637 UTC [INFO] HTTP Request: GET https://gyytjsarjy1zjv5iyhfq.c0.us-west3.gcp.weaviate.cloud/v1/nodes "HTTP/1.1 200 OK"
2025-05-05 11:37:03,942 UTC [INFO] HTTP Request: GET https://gyytjsarjy1zjv5iyhfq.c0.us-west3.gcp.weaviate.cloud/v1/nodes "HTTP/1.1 200 OK"
2025-05-05 11:37:05,274 UTC [INFO] HTTP Request: GET https://gyytjsarjy1zjv5iyhfq.c0.us-west3.gcp.weaviate.cloud/v1/nodes "HTTP/1.1 200 OK"
2025-05-05 11:37:11,678 UTC [INFO] HTTP Request: GET https://gyytjsarjy1zjv5iyhfq.c0.us-west3.gcp.weaviate.cloud/v1/nodes "HTTP/1.1 200 OK"
2025-05-05 11:37:12,927 UTC [INFO] HTTP Request: GET https://gyytjsarjy1zjv5iyhfq.c0.us-west3.gcp.weaviate.cloud/v1/nodes "HTTP/1.1 200 OK"
2025-05-05 11:37:14,175 UTC [INFO] HTTP Request: GET https://gyytjsarjy1zjv5iyhfq.c0.us-west3.gcp.weaviate.cloud/v1/nodes "HTTP/1.1 200 OK"
2025-05-05 11:37:15,432 UTC [INFO] HTTP Request: GET https://gyytjsarjy1zjv5iyhfq.c0.us-west3.gcp.weaviate.cloud/v1/nodes "HTTP/1.1 200 OK"
2025-05-05 11:37:16,742 UTC [INFO] HTTP Request: GET https://gyytjsarjy1zjv5iyhfq.c0.us-west3.gcp.weaviate.cloud/v1/nodes "HTTP/1.1 200 OK"
2025-05-05 11:37:17,993 UTC [INFO] HTTP Request: GET https://gyytjsarjy1zjv5iyhfq.c0.us-west3.gcp.weaviate.cloud/v1/nodes "HTTP/1.1 200 OK"
2025-05-05 11:37:18,833 UTC [INFO] Added 28000 objects to batch queue...
2025-05-05 11:37:19,240 UTC [INFO] HTTP Request: GET https://gyytjsarjy1zjv5iyhfq.c0.us-west3.gcp.weaviate.cloud/v1/nodes "HTTP/1.1 200 OK"
2025-05-05 11:37:20,489 UTC [INFO] HTTP Request: GET https://gyytjsarjy1zjv5iyhfq.c0.us-west3.gcp.weaviate.cloud/v1/nodes "HTTP/1.1 200 OK"
2025-05-05 11:37:21,737 UTC [INFO] HTTP Request: GET https://gyytjsarjy1zjv5iyhfq.c0.us-west3.gcp.weaviate.cloud/v1/nodes "HTTP/1.1 200 OK"
2025-05-05 11:37:22,987 UTC [INFO] HTTP Request: GET https://gyytjsarjy1zjv5iyhfq.c0.us-west3.gcp.weaviate.cloud/v1/nodes "HTTP/1.1 200 OK"
2025-05-05 11:37:24,260 UTC [INFO] HTTP Request: GET https://gyytjsarjy1zjv5iyhfq.c0.us-west3.gcp.weaviate.cloud/v1/nodes "HTTP/1.1 200 OK"
2025-05-05 11:37:25,560 UTC [INFO] HTTP Request: GET https://gyytjsarjy1zjv5iyhfq.c0.us-west3.gcp.weaviate.cloud/v1/nodes "HTTP/1.1 200 OK"
2025-05-05 11:37:26,880 UTC [INFO] HTTP Request: GET https://gyytjsarjy1zjv5iyhfq.c0.us-west3.gcp.weaviate.cloud/v1/nodes "HTTP/1.1 200 OK"
2025-05-05 11:37:28,133 UTC [INFO] HTTP Request: GET https://gyytjsarjy1zjv5iyhfq.c0.us-west3.gcp.weaviate.cloud/v1/nodes "HTTP/1.1 200 OK"
2025-05-05 11:37:29,383 UTC [INFO] HTTP Request: GET https://gyytjsarjy1zjv5iyhfq.c0.us-west3.gcp.weaviate.cloud/v1/nodes "HTTP/1.1 200 OK"
2025-05-05 11:37:30,668 UTC [INFO] HTTP Request: GET https://gyytjsarjy1zjv5iyhfq.c0.us-west3.gcp.weaviate.cloud/v1/nodes "HTTP/1.1 200 OK"
2025-05-05 11:37:31,961 UTC [INFO] HTTP Request: GET https://gyytjsarjy1zjv5iyhfq.c0.us-west3.gcp.weaviate.cloud/v1/nodes "HTTP/1.1 200 OK"
2025-05-05 11:37:33,215 UTC [INFO] HTTP Request: GET https://gyytjsarjy1zjv5iyhfq.c0.us-west3.gcp.weaviate.cloud/v1/nodes "HTTP/1.1 200 OK"
2025-05-05 11:37:34,467 UTC [INFO] HTTP Request: GET https://gyytjsarjy1zjv5iyhfq.c0.us-west3.gcp.weaviate.cloud/v1/nodes "HTTP/1.1 200 OK"
2025-05-05 11:37:35,718 UTC [INFO] HTTP Request: GET https://gyytjsarjy1zjv5iyhfq.c0.us-west3.gcp.weaviate.cloud/v1/nodes "HTTP/1.1 200 OK"
2025-05-05 11:37:37,016 UTC [INFO] HTTP Request: GET https://gyytjsarjy1zjv5iyhfq.c0.us-west3.gcp.weaviate.cloud/v1/nodes "HTTP/1.1 200 OK"
2025-05-05 11:37:38,360 UTC [INFO] HTTP Request: GET https://gyytjsarjy1zjv5iyhfq.c0.us-west3.gcp.weaviate.cloud/v1/nodes "HTTP/1.1 200 OK"
2025-05-05 11:37:38,742 UTC [INFO] Added 30000 objects to batch queue...
2025-05-05 11:37:39,607 UTC [INFO] HTTP Request: GET https://gyytjsarjy1zjv5iyhfq.c0.us-west3.gcp.weaviate.cloud/v1/nodes "HTTP/1.1 200 OK"
2025-05-05 11:37:40,857 UTC [INFO] HTTP Request: GET https://gyytjsarjy1zjv5iyhfq.c0.us-west3.gcp.weaviate.cloud/v1/nodes "HTTP/1.1 200 OK"
2025-05-05 11:37:42,105 UTC [INFO] HTTP Request: GET https://gyytjsarjy1zjv5iyhfq.c0.us-west3.gcp.weaviate.cloud/v1/nodes "HTTP/1.1 200 OK"
2025-05-05 11:37:43,362 UTC [INFO] HTTP Request: GET https://gyytjsarjy1zjv5iyhfq.c0.us-west3.gcp.weaviate.cloud/v1/nodes "HTTP/1.1 200 OK"
2025-05-05 11:37:44,678 UTC [INFO] HTTP Request: GET https://gyytjsarjy1zjv5iyhfq.c0.us-west3.gcp.weaviate.cloud/v1/nodes "HTTP/1.1 200 OK"
2025-05-05 11:37:45,135 UTC [INFO] Added 32000 objects to batch queue...
2025-05-05 11:37:46,033 UTC [INFO] HTTP Request: GET https://gyytjsarjy1zjv5iyhfq.c0.us-west3.gcp.weaviate.cloud/v1/nodes "HTTP/1.1 200 OK"
2025-05-05 11:37:47,488 UTC [INFO] HTTP Request: GET https://gyytjsarjy1zjv5iyhfq.c0.us-west3.gcp.weaviate.cloud/v1/nodes "HTTP/1.1 200 OK"
2025-05-05 11:37:48,766 UTC [INFO] HTTP Request: GET https://gyytjsarjy1zjv5iyhfq.c0.us-west3.gcp.weaviate.cloud/v1/nodes "HTTP/1.1 200 OK"
2025-05-05 11:37:49,041 UTC [INFO] Added 34000 objects to batch queue...
2025-05-05 11:37:50,027 UTC [INFO] HTTP Request: GET https://gyytjsarjy1zjv5iyhfq.c0.us-west3.gcp.weaviate.cloud/v1/nodes "HTTP/1.1 200 OK"
2025-05-05 11:37:51,279 UTC [INFO] HTTP Request: GET https://gyytjsarjy1zjv5iyhfq.c0.us-west3.gcp.weaviate.cloud/v1/nodes "HTTP/1.1 200 OK"
2025-05-05 11:37:52,526 UTC [INFO] HTTP Request: GET https://gyytjsarjy1zjv5iyhfq.c0.us-west3.gcp.weaviate.cloud/v1/nodes "HTTP/1.1 200 OK"
2025-05-05 11:37:53,776 UTC [INFO] HTTP Request: GET https://gyytjsarjy1zjv5iyhfq.c0.us-west3.gcp.weaviate.cloud/v1/nodes "HTTP/1.1 200 OK"
2025-05-05 11:37:55,061 UTC [INFO] HTTP Request: GET https://gyytjsarjy1zjv5iyhfq.c0.us-west3.gcp.weaviate.cloud/v1/nodes "HTTP/1.1 200 OK"
2025-05-05 11:37:56,412 UTC [INFO] HTTP Request: GET https://gyytjsarjy1zjv5iyhfq.c0.us-west3.gcp.weaviate.cloud/v1/nodes "HTTP/1.1 200 OK"
2025-05-05 11:37:57,869 UTC [INFO] HTTP Request: GET https://gyytjsarjy1zjv5iyhfq.c0.us-west3.gcp.weaviate.cloud/v1/nodes "HTTP/1.1 200 OK"
2025-05-05 11:37:59,160 UTC [INFO] HTTP Request: GET https://gyytjsarjy1zjv5iyhfq.c0.us-west3.gcp.weaviate.cloud/v1/nodes "HTTP/1.1 200 OK"
2025-05-05 11:38:00,468 UTC [INFO] HTTP Request: GET https://gyytjsarjy1zjv5iyhfq.c0.us-west3.gcp.weaviate.cloud/v1/nodes "HTTP/1.1 200 OK"
2025-05-05 11:38:01,793 UTC [INFO] HTTP Request: GET https://gyytjsarjy1zjv5iyhfq.c0.us-west3.gcp.weaviate.cloud/v1/nodes "HTTP/1.1 200 OK"
2025-05-05 11:38:03,060 UTC [INFO] HTTP Request: GET https://gyytjsarjy1zjv5iyhfq.c0.us-west3.gcp.weaviate.cloud/v1/nodes "HTTP/1.1 200 OK"
2025-05-05 11:38:04,360 UTC [INFO] HTTP Request: GET https://gyytjsarjy1zjv5iyhfq.c0.us-west3.gcp.weaviate.cloud/v1/nodes "HTTP/1.1 200 OK"
2025-05-05 11:38:05,692 UTC [INFO] HTTP Request: GET https://gyytjsarjy1zjv5iyhfq.c0.us-west3.gcp.weaviate.cloud/v1/nodes "HTTP/1.1 200 OK"
2025-05-05 11:38:07,005 UTC [INFO] HTTP Request: GET https://gyytjsarjy1zjv5iyhfq.c0.us-west3.gcp.weaviate.cloud/v1/nodes "HTTP/1.1 200 OK"
2025-05-05 11:38:08,363 UTC [INFO] HTTP Request: GET https://gyytjsarjy1zjv5iyhfq.c0.us-west3.gcp.weaviate.cloud/v1/nodes "HTTP/1.1 200 OK"
2025-05-05 11:38:09,661 UTC [INFO] HTTP Request: GET https://gyytjsarjy1zjv5iyhfq.c0.us-west3.gcp.weaviate.cloud/v1/nodes "HTTP/1.1 200 OK"
2025-05-05 11:38:09,774 UTC [INFO] Added 36000 objects to batch queue...
2025-05-05 11:38:10,918 UTC [INFO] HTTP Request: GET https://gyytjsarjy1zjv5iyhfq.c0.us-west3.gcp.weaviate.cloud/v1/nodes "HTTP/1.1 200 OK"
2025-05-05 11:38:17,362 UTC [INFO] HTTP Request: GET https://gyytjsarjy1zjv5iyhfq.c0.us-west3.gcp.weaviate.cloud/v1/nodes "HTTP/1.1 200 OK"
2025-05-05 11:38:18,624 UTC [INFO] HTTP Request: GET https://gyytjsarjy1zjv5iyhfq.c0.us-west3.gcp.weaviate.cloud/v1/nodes "HTTP/1.1 200 OK"
2025-05-05 11:38:19,906 UTC [INFO] HTTP Request: GET https://gyytjsarjy1zjv5iyhfq.c0.us-west3.gcp.weaviate.cloud/v1/nodes "HTTP/1.1 200 OK"
2025-05-05 11:38:21,166 UTC [INFO] HTTP Request: GET https://gyytjsarjy1zjv5iyhfq.c0.us-west3.gcp.weaviate.cloud/v1/nodes "HTTP/1.1 200 OK"
2025-05-05 11:38:22,432 UTC [INFO] HTTP Request: GET https://gyytjsarjy1zjv5iyhfq.c0.us-west3.gcp.weaviate.cloud/v1/nodes "HTTP/1.1 200 OK"
2025-05-05 11:38:23,814 UTC [INFO] HTTP Request: GET https://gyytjsarjy1zjv5iyhfq.c0.us-west3.gcp.weaviate.cloud/v1/nodes "HTTP/1.1 200 OK"
2025-05-05 11:38:25,161 UTC [INFO] HTTP Request: GET https://gyytjsarjy1zjv5iyhfq.c0.us-west3.gcp.weaviate.cloud/v1/nodes "HTTP/1.1 200 OK"
2025-05-05 11:38:25,538 UTC [INFO] Added 38000 objects to batch queue...
2025-05-05 11:38:26,412 UTC [INFO] HTTP Request: GET https://gyytjsarjy1zjv5iyhfq.c0.us-west3.gcp.weaviate.cloud/v1/nodes "HTTP/1.1 200 OK"
2025-05-05 11:38:27,660 UTC [INFO] HTTP Request: GET https://gyytjsarjy1zjv5iyhfq.c0.us-west3.gcp.weaviate.cloud/v1/nodes "HTTP/1.1 200 OK"
2025-05-05 11:38:28,933 UTC [INFO] HTTP Request: GET https://gyytjsarjy1zjv5iyhfq.c0.us-west3.gcp.weaviate.cloud/v1/nodes "HTTP/1.1 200 OK"
2025-05-05 11:38:30,266 UTC [INFO] HTTP Request: GET https://gyytjsarjy1zjv5iyhfq.c0.us-west3.gcp.weaviate.cloud/v1/nodes "HTTP/1.1 200 OK"
2025-05-05 11:38:31,596 UTC [INFO] HTTP Request: GET https://gyytjsarjy1zjv5iyhfq.c0.us-west3.gcp.weaviate.cloud/v1/nodes "HTTP/1.1 200 OK"
2025-05-05 11:38:32,862 UTC [INFO] HTTP Request: GET https://gyytjsarjy1zjv5iyhfq.c0.us-west3.gcp.weaviate.cloud/v1/nodes "HTTP/1.1 200 OK"
2025-05-05 11:38:34,120 UTC [INFO] HTTP Request: GET https://gyytjsarjy1zjv5iyhfq.c0.us-west3.gcp.weaviate.cloud/v1/nodes "HTTP/1.1 200 OK"
2025-05-05 11:38:35,368 UTC [INFO] HTTP Request: GET https://gyytjsarjy1zjv5iyhfq.c0.us-west3.gcp.weaviate.cloud/v1/nodes "HTTP/1.1 200 OK"
2025-05-05 11:38:36,617 UTC [INFO] HTTP Request: GET https://gyytjsarjy1zjv5iyhfq.c0.us-west3.gcp.weaviate.cloud/v1/nodes "HTTP/1.1 200 OK"
2025-05-05 11:38:37,944 UTC [INFO] HTTP Request: GET https://gyytjsarjy1zjv5iyhfq.c0.us-west3.gcp.weaviate.cloud/v1/nodes "HTTP/1.1 200 OK"
2025-05-05 11:38:39,192 UTC [INFO] HTTP Request: GET https://gyytjsarjy1zjv5iyhfq.c0.us-west3.gcp.weaviate.cloud/v1/nodes "HTTP/1.1 200 OK"
2025-05-05 11:38:40,462 UTC [INFO] HTTP Request: GET https://gyytjsarjy1zjv5iyhfq.c0.us-west3.gcp.weaviate.cloud/v1/nodes "HTTP/1.1 200 OK"
2025-05-05 11:38:41,764 UTC [INFO] HTTP Request: GET https://gyytjsarjy1zjv5iyhfq.c0.us-west3.gcp.weaviate.cloud/v1/nodes "HTTP/1.1 200 OK"
2025-05-05 11:38:43,018 UTC [INFO] HTTP Request: GET https://gyytjsarjy1zjv5iyhfq.c0.us-west3.gcp.weaviate.cloud/v1/nodes "HTTP/1.1 200 OK"
2025-05-05 11:38:44,267 UTC [INFO] HTTP Request: GET https://gyytjsarjy1zjv5iyhfq.c0.us-west3.gcp.weaviate.cloud/v1/nodes "HTTP/1.1 200 OK"
2025-05-05 11:38:45,522 UTC [INFO] HTTP Request: GET https://gyytjsarjy1zjv5iyhfq.c0.us-west3.gcp.weaviate.cloud/v1/nodes "HTTP/1.1 200 OK"
2025-05-05 11:38:46,800 UTC [INFO] HTTP Request: GET https://gyytjsarjy1zjv5iyhfq.c0.us-west3.gcp.weaviate.cloud/v1/nodes "HTTP/1.1 200 OK"
2025-05-05 11:38:48,085 UTC [INFO] HTTP Request: GET https://gyytjsarjy1zjv5iyhfq.c0.us-west3.gcp.weaviate.cloud/v1/nodes "HTTP/1.1 200 OK"
2025-05-05 11:38:49,352 UTC [INFO] HTTP Request: GET https://gyytjsarjy1zjv5iyhfq.c0.us-west3.gcp.weaviate.cloud/v1/nodes "HTTP/1.1 200 OK"
2025-05-05 11:38:50,619 UTC [INFO] HTTP Request: GET https://gyytjsarjy1zjv5iyhfq.c0.us-west3.gcp.weaviate.cloud/v1/nodes "HTTP/1.1 200 OK"
2025-05-05 11:38:51,674 UTC [INFO] Batch preparation completed: 38150 objects queued, 0 preparation errors encountered.
2025-05-05 11:38:51,975 UTC [INFO] HTTP Request: GET https://gyytjsarjy1zjv5iyhfq.c0.us-west3.gcp.weaviate.cloud/v1/nodes "HTTP/1.1 200 OK"
2025-05-05 11:38:51,982 UTC [INFO] Final collection size: 76301 objects
2025-05-05 11:38:51,984 UTC [INFO] Object count change reported by Weaviate: 38150
2025-05-05 11:38:51,985 UTC [INFO] Expected objects to be added (Prepared - Prep Errors): 38150
2025-05-05 11:38:51,985 UTC [INFO] Batch ingestion successful: 38150 objects reflected in count change (expected 38150).
2025-05-05 11:38:52,282 UTC [INFO] Sample object from collection post-ingestion: {'amountCommitted': 1497792.0, 'combinedText': 'Purpose: to quantify microcredential/career pathway outcomes with wage and employment data \nDivision: U.S. Program \nRegion Served: AMERICA', 'regionServed': 'AMERICA', 'purpose': 'to quantify microcredential/career pathway outcomes with wage and employment data', 'division': 'U.S. Program', 'grantId': 'INV-050566'}
2025-05-05 11:38:52,287 UTC [INFO] Weaviate client connection closed.
2025-05-05 11:38:52,288 UTC [INFO] ===== Ingestion process finished. Success: True =====
2025-05-05 11:38:52,289 UTC [INFO] ========== Script completed successfully ==========
